  Block.cpp
D:\PROGETTO_PAA\INTERPRETER2\INTERPRETER\classi\Block.h(6,10): error C1083: Non è possibile aprire il file inclusione: 'Visitor.h': No such file or directory
  (compilazione del file di origine 'classi/Block.cpp')
  
  Decl.cpp
D:\PROGETTO_PAA\INTERPRETER2\INTERPRETER\classi\Block.h(6,10): error C1083: Non è possibile aprire il file inclusione: 'Visitor.h': No such file or directory
  (compilazione del file di origine 'classi/Decl.cpp')
  
  Expr.cpp
D:\PROGETTO_PAA\INTERPRETER2\INTERPRETER\classi\Expr.h(5,10): error C1083: Non è possibile aprire il file inclusione: 'Visitor.h': No such file or directory
  (compilazione del file di origine 'classi/Expr.cpp')
  
  Program.cpp
D:\PROGETTO_PAA\INTERPRETER2\INTERPRETER\classi\Program.cpp(2,10): error C1083: Non è possibile aprire il file inclusione: 'Visitor.h': No such file or directory
  Stmt.cpp
D:\PROGETTO_PAA\INTERPRETER2\INTERPRETER\classi\Stmt.cpp(2,10): error C1083: Non è possibile aprire il file inclusione: 'Visitor.h': No such file or directory
  CMakeCXXCompilerId.cpp
  INTERPRETER.cpp
C:\Program Files\Microsoft Visual Studio\2022\Community\VC\Tools\MSVC\14.38.33130\include\variant(12): warning STL4038: The contents of <variant> are available only with C++17 or later.
D:\PROGETTO_PAA\INTERPRETER2\INTERPRETER\INTERPRETER.cpp(8,10): error C1083: Non è possibile aprire il file inclusione: 'Token.h': No such file or directory
  Manager.cpp
D:\PROGETTO_PAA\INTERPRETER2\INTERPRETER\manager\Manager.h(8,10): error C1083: Non è possibile aprire il file inclusione: 'Block.h': No such file or directory
  (compilazione del file di origine 'manager/Manager.cpp')
  
  Parser.cpp
D:\PROGETTO_PAA\INTERPRETER2\INTERPRETER\parser\Parser.h(8,10): error C1083: Non è possibile aprire il file inclusione: 'Manager.h': No such file or directory
  (compilazione del file di origine 'parser/Parser.cpp')
  
  Token.cpp
  Tokenizer.cpp
D:\PROGETTO_PAA\INTERPRETER2\INTERPRETER\token\Tokenizer.cpp(2,10): error C1083: Non è possibile aprire il file inclusione: 'Exceptions.h': No such file or directory
  Visitor.cpp
C:\Program Files\Microsoft Visual Studio\2022\Community\VC\Tools\MSVC\14.38.33130\include\variant(12): warning STL4038: The contents of <variant> are available only with C++17 or later.
D:\PROGETTO_PAA\INTERPRETER2\INTERPRETER\visitor\Visitor.h(11,10): error C1083: Non è possibile aprire il file inclusione: 'Program.h': No such file or directory
  (compilazione del file di origine 'visitor/Visitor.cpp')
  
  Generazione del codice in corso...
